<?xml version="1.0" encoding="UTF-8"?>
<coverage generated="1778959141618" clover="3.2.0">
  <project timestamp="1778959141619" name="All files">
    <metrics statements="43" coveredstatements="22" conditionals="12" coveredconditionals="7" methods="17" coveredmethods="6" elements="72" coveredelements="35" complexity="0" loc="43" ncloc="43" packages="4" files="7" classes="7"/>
    <package name="components">
      <metrics statements="8" coveredstatements="3" conditionals="2" coveredconditionals="1" methods="7" coveredmethods="2"/>
      <file name="EventCard.jsx" path="/home/student/Documents/Eventhub/eventhub-booking-app/src/components/EventCard.jsx">
        <metrics statements="1" coveredstatements="1" conditionals="0" coveredconditionals="0" methods="1" coveredmethods="1"/>
        <line num="4" count="9" type="stmt"/>
      </file>
      <file name="Navbar.jsx" path="/home/student/Documents/Eventhub/eventhub-booking-app/src/components/Navbar.jsx">
        <metrics statements="7" coveredstatements="2" conditionals="2" coveredconditionals="1" methods="6" coveredmethods="1"/>
        <line num="5" count="1" type="stmt"/>
        <line num="7" count="1" type="stmt"/>
        <line num="42" count="0" type="stmt"/>
        <line num="54" count="0" type="stmt"/>
        <line num="58" count="0" type="stmt"/>
        <line num="62" count="0" type="stmt"/>
        <line num="66" count="0" type="stmt"/>
      </file>
    </package>
    <package name="data">
      <metrics statements="1" coveredstatements="1" conditionals="0" coveredconditionals="0" methods="0" coveredmethods="0"/>
      <file name="events.js" path="/home/student/Documents/Eventhub/eventhub-booking-app/src/data/events.js">
        <metrics statements="1" coveredstatements="1" conditionals="0" coveredconditionals="0" methods="0" coveredmethods="0"/>
        <line num="1" count="1" type="stmt"/>
      </file>
    </package>
    <package name="firebase">
      <metrics statements="4" coveredstatements="4" conditionals="0" coveredconditionals="0" methods="0" coveredmethods="0"/>
      <file name="auth.js" path="/home/student/Documents/Eventhub/eventhub-booking-app/src/firebase/auth.js">
        <metrics statements="2" coveredstatements="2" conditionals="0" coveredconditionals="0" methods="0" coveredmethods="0"/>
        <line num="8" count="1" type="stmt"/>
        <line num="10" count="1" type="stmt"/>
      </file>
      <file name="config.js" path="/home/student/Documents/Eventhub/eventhub-booking-app/src/firebase/config.js">
        <metrics statements="2" coveredstatements="2" conditionals="0" coveredconditionals="0" methods="0" coveredmethods="0"/>
        <line num="3" count="1" type="stmt"/>
        <line num="12" count="1" type="stmt"/>
      </file>
    </package>
    <package name="pages">
      <metrics statements="30" coveredstatements="14" conditionals="10" coveredconditionals="6" methods="10" coveredmethods="4"/>
      <file name="Events.jsx" path="/home/student/Documents/Eventhub/eventhub-booking-app/src/pages/Events.jsx">
        <metrics statements="10" coveredstatements="8" conditionals="6" coveredconditionals="4" methods="5" coveredmethods="3"/>
        <line num="7" count="1" type="stmt"/>
        <line num="8" count="1" type="stmt"/>
        <line num="10" count="1" type="stmt"/>
        <line num="12" count="9" type="stmt"/>
        <line num="17" count="9" type="cond" truecount="1" falsecount="1"/>
        <line num="20" count="9" type="cond" truecount="2" falsecount="0"/>
        <line num="23" count="1" type="stmt"/>
        <line num="39" count="0" type="stmt"/>
        <line num="47" count="0" type="stmt"/>
        <line num="87" count="9" type="stmt"/>
      </file>
      <file name="Login.jsx" path="/home/student/Documents/Eventhub/eventhub-booking-app/src/pages/Login.jsx">
        <metrics statements="20" coveredstatements="6" conditionals="4" coveredconditionals="2" methods="5" coveredmethods="1"/>
        <line num="15" count="1" type="stmt"/>
        <line num="16" count="1" type="stmt"/>
        <line num="17" count="1" type="stmt"/>
        <line num="18" count="1" type="stmt"/>
        <line num="20" count="1" type="stmt"/>
        <line num="23" count="0" type="stmt"/>
        <line num="25" count="0" type="stmt"/>
        <line num="26" count="0" type="stmt"/>
        <line num="28" count="0" type="stmt"/>
        <line num="29" count="0" type="stmt"/>
        <line num="35" count="0" type="stmt"/>
        <line num="38" count="0" type="stmt"/>
        <line num="41" count="0" type="stmt"/>
        <line num="46" count="0" type="stmt"/>
        <line num="47" count="0" type="stmt"/>
        <line num="52" count="0" type="stmt"/>
        <line num="55" count="0" type="stmt"/>
        <line num="59" count="1" type="stmt"/>
        <line num="84" count="0" type="stmt"/>
        <line num="95" count="0" type="stmt"/>
      </file>
    </package>
  </project>
</coverage>
