{"/home/student/Documents/Eventhub/eventhub-booking-app/src/components/EventCard.jsx": {"path":"/home/student/Documents/Eventhub/eventhub-booking-app/src/components/EventCard.jsx","statementMap":{"0":{"start":{"line":4,"column":2},"end":{"line":34,"column":null}}},"fnMap":{"0":{"name":"EventCard","decl":{"start":{"line":3,"column":9},"end":{"line":3,"column":19}},"loc":{"start":{"line":3,"column":30},"end":{"line":34,"column":null}},"line":3}},"branchMap":{},"s":{"0":9},"f":{"0":9},"b":{},"meta":{"lastBranch":0,"lastFunction":1,"lastStatement":1,"seen":{"f:3:9:3:19":0,"s:4:2:34:Infinity":0}}}
,"/home/student/Documents/Eventhub/eventhub-booking-app/src/components/Navbar.jsx": {"path":"/home/student/Documents/Eventhub/eventhub-booking-app/src/components/Navbar.jsx","statementMap":{"0":{"start":{"line":5,"column":17},"end":{"line":5,"column":45}},"1":{"start":{"line":7,"column":2},"end":{"line":68,"column":null}},"2":{"start":{"line":42,"column":25},"end":{"line":42,"column":43}},"3":{"start":{"line":54,"column":38},"end":{"line":54,"column":54}},"4":{"start":{"line":58,"column":44},"end":{"line":58,"column":60}},"5":{"start":{"line":62,"column":47},"end":{"line":62,"column":63}},"6":{"start":{"line":66,"column":43},"end":{"line":66,"column":59}}},"fnMap":{"0":{"name":"Navbar","decl":{"start":{"line":4,"column":9},"end":{"line":4,"column":18}},"loc":{"start":{"line":4,"column":18},"end":{"line":68,"column":null}},"line":4},"1":{"name":"(anonymous_1)","decl":{"start":{"line":42,"column":10},"end":{"line":42,"column":25}},"loc":{"start":{"line":42,"column":25},"end":{"line":42,"column":43}},"line":42},"2":{"name":"(anonymous_2)","decl":{"start":{"line":54,"column":23},"end":{"line":54,"column":38}},"loc":{"start":{"line":54,"column":38},"end":{"line":54,"column":54}},"line":54},"3":{"name":"(anonymous_3)","decl":{"start":{"line":58,"column":29},"end":{"line":58,"column":44}},"loc":{"start":{"line":58,"column":44},"end":{"line":58,"column":60}},"line":58},"4":{"name":"(anonymous_4)","decl":{"start":{"line":62,"column":32},"end":{"line":62,"column":47}},"loc":{"start":{"line":62,"column":47},"end":{"line":62,"column":63}},"line":62},"5":{"name":"(anonymous_5)","decl":{"start":{"line":66,"column":28},"end":{"line":66,"column":43}},"loc":{"start":{"line":66,"column":43},"end":{"line":66,"column":59}},"line":66}},"branchMap":{"0":{"loc":{"start":{"line":51,"column":7},"end":{"line":68,"column":null}},"type":"binary-expr","locations":[{"start":{"line":51,"column":7},"end":{"line":51,"column":null}},{"start":{"line":52,"column":8},"end":{"line":68,"column":null}}],"line":51}},"s":{"0":1,"1":1,"2":0,"3":0,"4":0,"5":0,"6":0},"f":{"0":1,"1":0,"2":0,"3":0,"4":0,"5":0},"b":{"0":[1,0]},"meta":{"lastBranch":1,"lastFunction":6,"lastStatement":7,"seen":{"f:4:9:4:18":0,"s:5:17:5:45":0,"s:7:2:68:Infinity":1,"f:42:10:42:25":1,"s:42:25:42:43":2,"b:51:7:51:Infinity:52:8:68:Infinity":0,"f:54:23:54:38":2,"s:54:38:54:54":3,"f:58:29:58:44":3,"s:58:44:58:60":4,"f:62:32:62:47":4,"s:62:47:62:63":5,"f:66:28:66:43":5,"s:66:43:66:59":6}}}
,"/home/student/Documents/Eventhub/eventhub-booking-app/src/data/events.js": {"path":"/home/student/Documents/Eventhub/eventhub-booking-app/src/data/events.js","statementMap":{"0":{"start":{"line":1,"column":15},"end":{"line":109,"column":null}}},"fnMap":{},"branchMap":{},"s":{"0":1},"f":{},"b":{},"meta":{"lastBranch":0,"lastFunction":0,"lastStatement":1,"seen":{"s:1:15:109:Infinity":0}}}
,"/home/student/Documents/Eventhub/eventhub-booking-app/src/firebase/auth.js": {"path":"/home/student/Documents/Eventhub/eventhub-booking-app/src/firebase/auth.js","statementMap":{"0":{"start":{"line":8,"column":6},"end":{"line":8,"column":25}},"1":{"start":{"line":10,"column":23},"end":{"line":10,"column":47}}},"fnMap":{},"branchMap":{},"s":{"0":1,"1":1},"f":{},"b":{},"meta":{"lastBranch":0,"lastFunction":0,"lastStatement":2,"seen":{"s:8:6:8:25":0,"s:10:23:10:47":1}}}
,"/home/student/Documents/Eventhub/eventhub-booking-app/src/firebase/config.js": {"path":"/home/student/Documents/Eventhub/eventhub-booking-app/src/firebase/config.js","statementMap":{"0":{"start":{"line":3,"column":23},"end":{"line":10,"column":null}},"1":{"start":{"line":12,"column":6},"end":{"line":12,"column":41}}},"fnMap":{},"branchMap":{},"s":{"0":1,"1":1},"f":{},"b":{},"meta":{"lastBranch":0,"lastFunction":0,"lastStatement":2,"seen":{"s:3:23:10:Infinity":0,"s:12:6:12:41":1}}}
,"/home/student/Documents/Eventhub/eventhub-booking-app/src/pages/Events.jsx": {"path":"/home/student/Documents/Eventhub/eventhub-booking-app/src/pages/Events.jsx","statementMap":{"0":{"start":{"line":7,"column":17},"end":{"line":7,"column":42}},"1":{"start":{"line":8,"column":19},"end":{"line":8,"column":49}},"2":{"start":{"line":10,"column":25},"end":{"line":21,"column":null}},"3":{"start":{"line":12,"column":6},"end":{"line":14,"column":39}},"4":{"start":{"line":17,"column":6},"end":{"line":18,"column":null}},"5":{"start":{"line":20,"column":4},"end":{"line":20,"column":null}},"6":{"start":{"line":23,"column":2},"end":{"line":97,"column":null}},"7":{"start":{"line":39,"column":14},"end":{"line":39,"column":39}},"8":{"start":{"line":47,"column":14},"end":{"line":47,"column":41}},"9":{"start":{"line":87,"column":14},"end":{"line":90,"column":null}}},"fnMap":{"0":{"name":"Events","decl":{"start":{"line":6,"column":9},"end":{"line":6,"column":18}},"loc":{"start":{"line":6,"column":18},"end":{"line":97,"column":null}},"line":6},"1":{"name":"(anonymous_1)","decl":{"start":{"line":10,"column":32},"end":{"line":10,"column":40}},"loc":{"start":{"line":10,"column":50},"end":{"line":21,"column":null}},"line":10},"2":{"name":"(anonymous_2)","decl":{"start":{"line":38,"column":12},"end":{"line":38,"column":23}},"loc":{"start":{"line":39,"column":14},"end":{"line":39,"column":39}},"line":39},"3":{"name":"(anonymous_3)","decl":{"start":{"line":46,"column":12},"end":{"line":46,"column":23}},"loc":{"start":{"line":47,"column":14},"end":{"line":47,"column":41}},"line":47},"4":{"name":"(anonymous_4)","decl":{"start":{"line":86,"column":28},"end":{"line":86,"column":33}},"loc":{"start":{"line":87,"column":14},"end":{"line":90,"column":null}},"line":87}},"branchMap":{"0":{"loc":{"start":{"line":17,"column":6},"end":{"line":18,"column":null}},"type":"binary-expr","locations":[{"start":{"line":17,"column":6},"end":{"line":17,"column":null}},{"start":{"line":18,"column":6},"end":{"line":18,"column":null}}],"line":17},"1":{"loc":{"start":{"line":20,"column":11},"end":{"line":20,"column":null}},"type":"binary-expr","locations":[{"start":{"line":20,"column":11},"end":{"line":20,"column":28}},{"start":{"line":20,"column":28},"end":{"line":20,"column":null}}],"line":20},"2":{"loc":{"start":{"line":79,"column":9},"end":{"line":93,"column":null}},"type":"cond-expr","locations":[{"start":{"line":80,"column":10},"end":{"line":84,"column":11}},{"start":{"line":84,"column":10},"end":{"line":93,"column":null}}],"line":79}},"s":{"0":1,"1":1,"2":1,"3":9,"4":9,"5":9,"6":1,"7":0,"8":0,"9":9},"f":{"0":1,"1":9,"2":0,"3":0,"4":9},"b":{"0":[9,0],"1":[9,9],"2":[0,1]},"meta":{"lastBranch":3,"lastFunction":5,"lastStatement":10,"seen":{"f:6:9:6:18":0,"s:7:17:7:42":0,"s:8:19:8:49":1,"s:10:25:21:Infinity":2,"f:10:32:10:40":1,"s:12:6:14:39":3,"s:17:6:18:Infinity":4,"b:17:6:17:Infinity:18:6:18:Infinity":0,"s:20:4:20:Infinity":5,"b:20:11:20:28:20:28:20:Infinity":1,"s:23:2:97:Infinity":6,"f:38:12:38:23":2,"s:39:14:39:39":7,"f:46:12:46:23":3,"s:47:14:47:41":8,"b:80:10:84:11:84:10:93:Infinity":2,"f:86:28:86:33":4,"s:87:14:90:Infinity":9}}}
,"/home/student/Documents/Eventhub/eventhub-booking-app/src/pages/Login.jsx": {"path":"/home/student/Documents/Eventhub/eventhub-booking-app/src/pages/Login.jsx","statementMap":{"0":{"start":{"line":15,"column":16},"end":{"line":15,"column":40}},"1":{"start":{"line":16,"column":19},"end":{"line":16,"column":46}},"2":{"start":{"line":17,"column":16},"end":{"line":17,"column":40}},"3":{"start":{"line":18,"column":18},"end":{"line":18,"column":47}},"4":{"start":{"line":20,"column":8},"end":{"line":20,"column":32}},"5":{"start":{"line":23,"column":2},"end":{"line":23,"column":null}},"6":{"start":{"line":25,"column":2},"end":{"line":25,"column":null}},"7":{"start":{"line":26,"column":2},"end":{"line":26,"column":null}},"8":{"start":{"line":28,"column":2},"end":{"line":41,"column":null}},"9":{"start":{"line":29,"column":4},"end":{"line":33,"column":null}},"10":{"start":{"line":35,"column":4},"end":{"line":35,"column":null}},"11":{"start":{"line":38,"column":4},"end":{"line":38,"column":null}},"12":{"start":{"line":41,"column":4},"end":{"line":41,"column":null}},"13":{"start":{"line":46,"column":4},"end":{"line":55,"column":null}},"14":{"start":{"line":47,"column":6},"end":{"line":50,"column":null}},"15":{"start":{"line":52,"column":6},"end":{"line":52,"column":null}},"16":{"start":{"line":55,"column":6},"end":{"line":55,"column":null}},"17":{"start":{"line":59,"column":2},"end":{"line":129,"column":null}},"18":{"start":{"line":84,"column":14},"end":{"line":84,"column":38}},"19":{"start":{"line":95,"column":14},"end":{"line":95,"column":41}}},"fnMap":{"0":{"name":"Login","decl":{"start":{"line":14,"column":9},"end":{"line":14,"column":17}},"loc":{"start":{"line":14,"column":17},"end":{"line":129,"column":null}},"line":14},"1":{"name":"handleSubmit","decl":{"start":{"line":22,"column":16},"end":{"line":22,"column":29}},"loc":{"start":{"line":22,"column":32},"end":{"line":41,"column":null}},"line":22},"2":{"name":"handleGoogleLogin","decl":{"start":{"line":45,"column":17},"end":{"line":45,"column":37}},"loc":{"start":{"line":45,"column":37},"end":{"line":55,"column":null}},"line":45},"3":{"name":"(anonymous_3)","decl":{"start":{"line":83,"column":12},"end":{"line":83,"column":23}},"loc":{"start":{"line":84,"column":14},"end":{"line":84,"column":38}},"line":84},"4":{"name":"(anonymous_4)","decl":{"start":{"line":94,"column":12},"end":{"line":94,"column":23}},"loc":{"start":{"line":95,"column":14},"end":{"line":95,"column":41}},"line":95}},"branchMap":{"0":{"loc":{"start":{"line":68,"column":9},"end":{"line":71,"column":null}},"type":"binary-expr","locations":[{"start":{"line":68,"column":9},"end":{"line":68,"column":null}},{"start":{"line":69,"column":10},"end":{"line":71,"column":null}}],"line":68},"1":{"loc":{"start":{"line":105,"column":13},"end":{"line":105,"column":null}},"type":"cond-expr","locations":[{"start":{"line":105,"column":23},"end":{"line":105,"column":41}},{"start":{"line":105,"column":41},"end":{"line":105,"column":null}}],"line":105}},"s":{"0":1,"1":1,"2":1,"3":1,"4":1,"5":0,"6":0,"7":0,"8":0,"9":0,"10":0,"11":0,"12":0,"13":0,"14":0,"15":0,"16":0,"17":1,"18":0,"19":0},"f":{"0":1,"1":0,"2":0,"3":0,"4":0},"b":{"0":[1,0],"1":[0,1]},"meta":{"lastBranch":2,"lastFunction":5,"lastStatement":20,"seen":{"f:14:9:14:17":0,"s:15:16:15:40":0,"s:16:19:16:46":1,"s:17:16:17:40":2,"s:18:18:18:47":3,"s:20:8:20:32":4,"f:22:16:22:29":1,"s:23:2:23:Infinity":5,"s:25:2:25:Infinity":6,"s:26:2:26:Infinity":7,"s:28:2:41:Infinity":8,"s:29:4:33:Infinity":9,"s:35:4:35:Infinity":10,"s:38:4:38:Infinity":11,"s:41:4:41:Infinity":12,"f:45:17:45:37":2,"s:46:4:55:Infinity":13,"s:47:6:50:Infinity":14,"s:52:6:52:Infinity":15,"s:55:6:55:Infinity":16,"s:59:2:129:Infinity":17,"b:68:9:68:Infinity:69:10:71:Infinity":0,"f:83:12:83:23":3,"s:84:14:84:38":18,"f:94:12:94:23":4,"s:95:14:95:41":19,"b:105:23:105:41:105:41:105:Infinity":1}}}
}
